<?xml version="1.0" encoding="utf-8"?><testsuites name="pytest tests"><testsuite name="pytest" errors="0" failures="0" skipped="0" tests="17" time="4.956" timestamp="2026-07-12T21:58:06.867611+00:00" hostname="agent-env-56fac4b4-c1ea-46f9-9efd-b045eaac42d4"><testcase classname="backend.tests.backend_test" name="test_health" time="0.318" /><testcase classname="backend.tests.backend_test" name="test_login_owner_and_staff" time="0.670" /><testcase classname="backend.tests.backend_test" name="test_login_wrong_password" time="0.346" /><testcase classname="backend.tests.backend_test" name="test_auth_me_returns_role" time="0.224" /><testcase classname="backend.tests.backend_test" name="test_staff_list_forbidden_for_staff" time="0.132" /><testcase classname="backend.tests.backend_test" name="test_staff_crud" time="0.657" /><testcase classname="backend.tests.backend_test" name="test_shop_get_and_update" time="0.411" /><testcase classname="backend.tests.backend_test" name="test_medicines_seeded_and_search" time="0.227" /><testcase classname="backend.tests.backend_test" name="test_medicine_crud" time="0.381" /><testcase classname="backend.tests.backend_test" name="test_batches_list_and_create" time="0.303" /><testcase classname="backend.tests.backend_test" name="test_create_bill_fefo" time="0.298" /><testcase classname="backend.tests.backend_test" name="test_get_bill_and_list" time="0.197" /><testcase classname="backend.tests.backend_test" name="test_bill_insufficient_stock" time="0.123" /><testcase classname="backend.tests.backend_test" name="test_cancel_bill_reverses_stock" time="0.279" /><testcase classname="backend.tests.backend_test" name="test_reports_low_stock" time="0.095" /><testcase classname="backend.tests.backend_test" name="test_reports_expiring" time="0.108" /><testcase classname="backend.tests.backend_test" name="test_stats_today" time="0.117" /></testsuite></testsuites>